<?xml version="1.0" encoding="UTF-8" ?>
<testsuite failures="0" time="0.172" errors="0" skipped="0" tests="1" name="TestSuite">
  <properties>
    <property name="java.runtime.name" value="Java(TM) SE Runtime Environment"/>
    <property name="sun.boot.library.path" value="C:\Archivos de programa\Java\jdk1.6.0_02\jre\bin"/>
    <property name="java.vm.version" value="1.6.0_02-b06"/>
    <property name="java.vm.vendor" value="Sun Microsystems Inc."/>
    <property name="java.vendor.url" value="http://java.sun.com/"/>
    <property name="path.separator" value=";"/>
    <property name="java.vm.name" value="Java HotSpot(TM) Client VM"/>
    <property name="file.encoding.pkg" value="sun.io"/>
    <property name="user.country" value="ES"/>
    <property name="sun.java.launcher" value="SUN_STANDARD"/>
    <property name="sun.os.patch.level" value="Service Pack 3"/>
    <property name="java.vm.specification.name" value="Java Virtual Machine Specification"/>
    <property name="user.dir" value="C:\workspace\CalculadoraImplEuropea"/>
    <property name="java.runtime.version" value="1.6.0_02-b06"/>
    <property name="java.awt.graphicsenv" value="sun.awt.Win32GraphicsEnvironment"/>
    <property name="basedir" value="C:\workspace\CalculadoraImplEuropea"/>
    <property name="java.endorsed.dirs" value="C:\Archivos de programa\Java\jdk1.6.0_02\jre\lib\endorsed"/>
    <property name="os.arch" value="x86"/>
    <property name="surefire.real.class.path" value="C:\DOCUME~1\javaape\CONFIG~1\Temp\surefirebooter9907.jar"/>
    <property name="java.io.tmpdir" value="C:\DOCUME~1\javaape\CONFIG~1\Temp\"/>
    <property name="line.separator" value="
"/>
    <property name="java.vm.specification.vendor" value="Sun Microsystems Inc."/>
    <property name="user.variant" value=""/>
    <property name="os.name" value="Windows XP"/>
    <property name="sun.jnu.encoding" value="Cp1252"/>
    <property name="java.library.path" value="C:\Archivos de programa\Java\jdk1.6.0_02\jre\bin;.;C:\WINDOWS\Sun\Java\bin;C:\WINDOWS\system32;C:\WINDOWS;C:/Archivos de programa/Java/jre1.6.0_07/bin/client;C:/Archivos de programa/Java/jre1.6.0_07/bin;C:\WINDOWS\system32;C:\WINDOWS;C:\WINDOWS\System32\Wbem;C:\Archivos de programa\QuickTime\QTSystem\;C:\Archivos de programa\Autodesk\Backburner\;C:\Archivos de programa\Archivos comunes\Autodesk Shared\;c:\archivos de programa\java\jdk1.6.0_02\bin;C:\Archivos de programa\MySQL\MySQL Server 5.0\bin;C:\apache-maven-2.0.9\bin"/>
    <property name="surefire.test.class.path" value="C:\workspace\CalculadoraImplEuropea\target\test-classes;C:\workspace\CalculadoraImplEuropea\target\classes;C:\Documents and Settings\javaape\.m2\repository\es\cea\servicioCalculadoraAPI\0.0.1-SNAPSHOT\servicioCalculadoraAPI-0.0.1-SNAPSHOT.jar;C:\Documents and Settings\javaape\.m2\repository\org\testng\testng\5.8\testng-5.8-jdk15.jar;C:\Documents and Settings\javaape\.m2\repository\junit\junit\3.8.1\junit-3.8.1.jar;"/>
    <property name="java.specification.name" value="Java Platform API Specification"/>
    <property name="java.class.version" value="50.0"/>
    <property name="sun.management.compiler" value="HotSpot Client Compiler"/>
    <property name="os.version" value="5.1"/>
    <property name="user.home" value="C:\Documents and Settings\javaape"/>
    <property name="user.timezone" value="Europe/Paris"/>
    <property name="java.awt.printerjob" value="sun.awt.windows.WPrinterJob"/>
    <property name="java.specification.version" value="1.6"/>
    <property name="file.encoding" value="Cp1252"/>
    <property name="user.name" value="javaape"/>
    <property name="java.class.path" value="C:\workspace\CalculadoraImplEuropea\target\test-classes;C:\workspace\CalculadoraImplEuropea\target\classes;C:\Documents and Settings\javaape\.m2\repository\es\cea\servicioCalculadoraAPI\0.0.1-SNAPSHOT\servicioCalculadoraAPI-0.0.1-SNAPSHOT.jar;C:\Documents and Settings\javaape\.m2\repository\org\testng\testng\5.8\testng-5.8-jdk15.jar;C:\Documents and Settings\javaape\.m2\repository\junit\junit\3.8.1\junit-3.8.1.jar;"/>
    <property name="java.vm.specification.version" value="1.0"/>
    <property name="sun.arch.data.model" value="32"/>
    <property name="java.home" value="C:\Archivos de programa\Java\jdk1.6.0_02\jre"/>
    <property name="java.specification.vendor" value="Sun Microsystems Inc."/>
    <property name="user.language" value="es"/>
    <property name="awt.toolkit" value="sun.awt.windows.WToolkit"/>
    <property name="java.vm.info" value="mixed mode, sharing"/>
    <property name="java.version" value="1.6.0_02"/>
    <property name="java.ext.dirs" value="C:\Archivos de programa\Java\jdk1.6.0_02\jre\lib\ext;C:\WINDOWS\Sun\Java\lib\ext"/>
    <property name="sun.boot.class.path" value="C:\Archivos de programa\Java\jdk1.6.0_02\jre\lib\resources.jar;C:\Archivos de programa\Java\jdk1.6.0_02\jre\lib\rt.jar;C:\Archivos de programa\Java\jdk1.6.0_02\jre\lib\sunrsasign.jar;C:\Archivos de programa\Java\jdk1.6.0_02\jre\lib\jsse.jar;C:\Archivos de programa\Java\jdk1.6.0_02\jre\lib\jce.jar;C:\Archivos de programa\Java\jdk1.6.0_02\jre\lib\charsets.jar;C:\Archivos de programa\Java\jdk1.6.0_02\jre\classes"/>
    <property name="java.vendor" value="Sun Microsystems Inc."/>
    <property name="localRepository" value="C:\Documents and Settings\javaape\.m2\repository"/>
    <property name="file.separator" value="\"/>
    <property name="java.vendor.url.bug" value="http://java.sun.com/cgi-bin/bugreport.cgi"/>
    <property name="sun.cpu.endian" value="little"/>
    <property name="sun.io.unicode.encoding" value="UnicodeLittle"/>
    <property name="sun.desktop" value="windows"/>
    <property name="sun.cpu.isalist" value="pentium_pro+mmx pentium_pro pentium+mmx pentium i486 i386 i86"/>
  </properties>
  <testcase time="0" classname="es.cea.servicioCalculadora.CalculadoraImplEuropeaTest" name="pruebaCalculadoraEuropea"/>
</testsuite>